<?xml version="1.0" encoding="utf-8"?>
<TestRun id="b1c67725-5a82-4e2f-bca9-1e17d62a47cf" name="shohzod_irgas@EPTRIZMW004D 2024-11-22 12:28:48" runUser="EPAM\shohzod_irgas" xmlns="http://microsoft.com/schemas/VisualStudio/TeamTest/2010">
  <Times creation="2024-11-22T12:28:48.3951076+03:00" queuing="2024-11-22T12:28:48.3951081+03:00" start="2024-11-22T12:28:44.1526090+03:00" finish="2024-11-22T12:28:48.5455575+03:00" />
  <TestSettings name="default" id="295b518c-e480-49f8-8d38-7816d1f33ee6">
    <Deployment runDeploymentRoot="shohzod_irgas_EPTRIZMW004D_2024-11-22_12_28_48" />
  </TestSettings>
  <Results>
    <UnitTestResult executionId="7dd733fa-efe2-49a6-9306-a5d58fc0f2fb" testId="230df2dc-e7f0-7e2c-8b4a-6281c1172075" testName="TodoAppDataLayerTesting.TodoItemsControllerIntegrationTests.PostTodoItemAsync_ShouldCreateNewTodoItem" computerName="EPTRIZMW004D" duration="00:00:00.0111994" startTime="2024-11-22T12:28:48.3764683+03:00" endTime="2024-11-22T12:28:48.3764684+03:00" testType="13cdc9d9-ddb5-4fa4-a97d-d965ccfc6d4b" outcome="Passed" testListId="8c84fa94-04c1-424b-9868-57a2d4851a1d" relativeResultsDirectory="7dd733fa-efe2-49a6-9306-a5d58fc0f2fb" />
    <UnitTestResult executionId="586c74a5-29f0-4510-b9ad-56296b661539" testId="def543c7-ae6c-fd9e-5494-bc9c7c810c10" testName="TodoAppDataLayerTesting.MockTodoItemRepositoryTests.CreateAsync_Should_Create_TodoItem_In_Database" computerName="EPTRIZMW004D" duration="00:00:00.4763952" startTime="2024-11-22T12:28:47.7973414+03:00" endTime="2024-11-22T12:28:47.7973554+03:00" testType="13cdc9d9-ddb5-4fa4-a97d-d965ccfc6d4b" outcome="Passed" testListId="8c84fa94-04c1-424b-9868-57a2d4851a1d" relativeResultsDirectory="586c74a5-29f0-4510-b9ad-56296b661539" />
    <UnitTestResult executionId="6e72f177-7a5d-4759-91d7-8b3ae93fe0fc" testId="ce6cd78c-e010-bb06-b382-9e35e3a2933f" testName="TodoAppDataLayerTesting.TodoItemsControllerIntegrationTests.GetTodoItems_ReturnsListOfTodoItems" computerName="EPTRIZMW004D" duration="00:00:00.0457456" startTime="2024-11-22T12:28:48.2858006+03:00" endTime="2024-11-22T12:28:48.2858011+03:00" testType="13cdc9d9-ddb5-4fa4-a97d-d965ccfc6d4b" outcome="Passed" testListId="8c84fa94-04c1-424b-9868-57a2d4851a1d" relativeResultsDirectory="6e72f177-7a5d-4759-91d7-8b3ae93fe0fc" />
    <UnitTestResult executionId="a67cf63e-fcd5-4f55-9abe-2c1f3dd1c2b5" testId="b48de043-cca4-d418-ff77-69ea384d599d" testName="TodoAppDataLayerTesting.TodoItemsControllerIntegrationTests.PutTodoItem_Should_Update_Existing_TodoItem" computerName="EPTRIZMW004D" duration="00:00:00.0233927" startTime="2024-11-22T12:28:48.3647581+03:00" endTime="2024-11-22T12:28:48.3647584+03:00" testType="13cdc9d9-ddb5-4fa4-a97d-d965ccfc6d4b" outcome="Passed" testListId="8c84fa94-04c1-424b-9868-57a2d4851a1d" relativeResultsDirectory="a67cf63e-fcd5-4f55-9abe-2c1f3dd1c2b5" />
    <UnitTestResult executionId="556635d9-9522-4098-9a3f-f98651a13f73" testId="58726fe9-8262-dd0c-6b50-1ab20898a208" testName="TodoAppDataLayerTesting.TodoItemsControllerIntegrationTests.GetTodoItemWithId_ReturnsSuccessStatusCode" computerName="EPTRIZMW004D" duration="00:00:00.9165821" startTime="2024-11-22T12:28:48.2388864+03:00" endTime="2024-11-22T12:28:48.2388868+03:00" testType="13cdc9d9-ddb5-4fa4-a97d-d965ccfc6d4b" outcome="Passed" testListId="8c84fa94-04c1-424b-9868-57a2d4851a1d" relativeResultsDirectory="556635d9-9522-4098-9a3f-f98651a13f73" />
    <UnitTestResult executionId="e83095b5-ee24-45bd-873a-7476a1717233" testId="d8bc9ba6-837e-bb8a-6658-7059b41a8ef5" testName="TodoAppDataLayerTesting.MockTodoItemRepositoryTests.Update_Should_Update_TodoItem_In_Database" computerName="EPTRIZMW004D" duration="00:00:00.0520316" startTime="2024-11-22T12:28:47.8492393+03:00" endTime="2024-11-22T12:28:47.8492394+03:00" testType="13cdc9d9-ddb5-4fa4-a97d-d965ccfc6d4b" outcome="Passed" testListId="8c84fa94-04c1-424b-9868-57a2d4851a1d" relativeResultsDirectory="e83095b5-ee24-45bd-873a-7476a1717233" />
    <UnitTestResult executionId="b5558a98-00b2-4743-ae93-ff32046b96fd" testId="2f7f3983-095a-7442-0ef5-ced2476ced07" testName="TodoAppDataLayerTesting.TodoItemsControllerIntegrationTests.GetTodoItemWithId_ReturnsNotFoundStatusCode" computerName="EPTRIZMW004D" duration="00:00:00.0042928" startTime="2024-11-22T12:28:48.3411180+03:00" endTime="2024-11-22T12:28:48.3411183+03:00" testType="13cdc9d9-ddb5-4fa4-a97d-d965ccfc6d4b" outcome="Passed" testListId="8c84fa94-04c1-424b-9868-57a2d4851a1d" relativeResultsDirectory="b5558a98-00b2-4743-ae93-ff32046b96fd" />
    <UnitTestResult executionId="2b36101e-2943-4382-b027-e231f3d8c582" testId="818dd2be-1d87-f5c0-0c8e-613e3780fa40" testName="TodoAppDataLayerTesting.TodoItemsControllerIntegrationTests.DeleteTodoItem_DeletesExistingTodoItem" computerName="EPTRIZMW004D" duration="00:00:00.0507291" startTime="2024-11-22T12:28:48.3367012+03:00" endTime="2024-11-22T12:28:48.3367014+03:00" testType="13cdc9d9-ddb5-4fa4-a97d-d965ccfc6d4b" outcome="Passed" testListId="8c84fa94-04c1-424b-9868-57a2d4851a1d" relativeResultsDirectory="2b36101e-2943-4382-b027-e231f3d8c582" />
    <UnitTestResult executionId="7860a3cc-b4cc-4042-b863-6bd32913e856" testId="dff41e78-5fb6-8317-25d3-45eb7025cd59" testName="TodoAppDataLayerTesting.MockTodoItemRepositoryTests.DeleteAsync_Should_Delete_TodoItem_From_Database" computerName="EPTRIZMW004D" duration="00:00:00.0817153" startTime="2024-11-22T12:28:47.9308062+03:00" endTime="2024-11-22T12:28:47.9308063+03:00" testType="13cdc9d9-ddb5-4fa4-a97d-d965ccfc6d4b" outcome="Passed" testListId="8c84fa94-04c1-424b-9868-57a2d4851a1d" relativeResultsDirectory="7860a3cc-b4cc-4042-b863-6bd32913e856" />
    <UnitTestResult executionId="3f0a0b51-d6b8-4e5e-8fc1-28f00fccc3bc" testId="d6c92f67-b59e-bfd7-3c05-73b9ea2cc223" testName="TodoAppDataLayerTesting.MockTodoItemRepositoryTests.GetTodoItemByIdAsync_ReturnsTodoItem" computerName="EPTRIZMW004D" duration="00:00:00.0056229" startTime="2024-11-22T12:28:47.9365974+03:00" endTime="2024-11-22T12:28:47.9365977+03:00" testType="13cdc9d9-ddb5-4fa4-a97d-d965ccfc6d4b" outcome="Passed" testListId="8c84fa94-04c1-424b-9868-57a2d4851a1d" relativeResultsDirectory="3f0a0b51-d6b8-4e5e-8fc1-28f00fccc3bc" />
  </Results>
  <TestDefinitions>
    <UnitTest name="TodoAppDataLayerTesting.MockTodoItemRepositoryTests.GetTodoItemByIdAsync_ReturnsTodoItem" storage="c:\users\shohzod_irgas\source\repos\unitandintegrationtestingproofofconcept\todoappdatalayertesting\bin\release\net7.0\todoappdatalayertesting.dll" id="d6c92f67-b59e-bfd7-3c05-73b9ea2cc223">
      <Execution id="3f0a0b51-d6b8-4e5e-8fc1-28f00fccc3bc" />
      <TestMethod codeBase="C:\Users\shohzod_irgas\source\repos\UnitAndIntegrationTestingProofOfConcept\TodoAppDataLayerTesting\bin\Release\net7.0\TodoAppDataLayerTesting.dll" adapterTypeName="executor://xunit/VsTestRunner2/netcoreapp" className="TodoAppDataLayerTesting.MockTodoItemRepositoryTests" name="GetTodoItemByIdAsync_ReturnsTodoItem" />
    </UnitTest>
    <UnitTest name="TodoAppDataLayerTesting.MockTodoItemRepositoryTests.CreateAsync_Should_Create_TodoItem_In_Database" storage="c:\users\shohzod_irgas\source\repos\unitandintegrationtestingproofofconcept\todoappdatalayertesting\bin\release\net7.0\todoappdatalayertesting.dll" id="def543c7-ae6c-fd9e-5494-bc9c7c810c10">
      <Execution id="586c74a5-29f0-4510-b9ad-56296b661539" />
      <TestMethod codeBase="C:\Users\shohzod_irgas\source\repos\UnitAndIntegrationTestingProofOfConcept\TodoAppDataLayerTesting\bin\Release\net7.0\TodoAppDataLayerTesting.dll" adapterTypeName="executor://xunit/VsTestRunner2/netcoreapp" className="TodoAppDataLayerTesting.MockTodoItemRepositoryTests" name="CreateAsync_Should_Create_TodoItem_In_Database" />
    </UnitTest>
    <UnitTest name="TodoAppDataLayerTesting.TodoItemsControllerIntegrationTests.GetTodoItems_ReturnsListOfTodoItems" storage="c:\users\shohzod_irgas\source\repos\unitandintegrationtestingproofofconcept\todoappdatalayertesting\bin\release\net7.0\todoappdatalayertesting.dll" id="ce6cd78c-e010-bb06-b382-9e35e3a2933f">
      <Execution id="6e72f177-7a5d-4759-91d7-8b3ae93fe0fc" />
      <TestMethod codeBase="C:\Users\shohzod_irgas\source\repos\UnitAndIntegrationTestingProofOfConcept\TodoAppDataLayerTesting\bin\Release\net7.0\TodoAppDataLayerTesting.dll" adapterTypeName="executor://xunit/VsTestRunner2/netcoreapp" className="TodoAppDataLayerTesting.TodoItemsControllerIntegrationTests" name="GetTodoItems_ReturnsListOfTodoItems" />
    </UnitTest>
    <UnitTest name="TodoAppDataLayerTesting.TodoItemsControllerIntegrationTests.DeleteTodoItem_DeletesExistingTodoItem" storage="c:\users\shohzod_irgas\source\repos\unitandintegrationtestingproofofconcept\todoappdatalayertesting\bin\release\net7.0\todoappdatalayertesting.dll" id="818dd2be-1d87-f5c0-0c8e-613e3780fa40">
      <Execution id="2b36101e-2943-4382-b027-e231f3d8c582" />
      <TestMethod codeBase="C:\Users\shohzod_irgas\source\repos\UnitAndIntegrationTestingProofOfConcept\TodoAppDataLayerTesting\bin\Release\net7.0\TodoAppDataLayerTesting.dll" adapterTypeName="executor://xunit/VsTestRunner2/netcoreapp" className="TodoAppDataLayerTesting.TodoItemsControllerIntegrationTests" name="DeleteTodoItem_DeletesExistingTodoItem" />
    </UnitTest>
    <UnitTest name="TodoAppDataLayerTesting.TodoItemsControllerIntegrationTests.PutTodoItem_Should_Update_Existing_TodoItem" storage="c:\users\shohzod_irgas\source\repos\unitandintegrationtestingproofofconcept\todoappdatalayertesting\bin\release\net7.0\todoappdatalayertesting.dll" id="b48de043-cca4-d418-ff77-69ea384d599d">
      <Execution id="a67cf63e-fcd5-4f55-9abe-2c1f3dd1c2b5" />
      <TestMethod codeBase="C:\Users\shohzod_irgas\source\repos\UnitAndIntegrationTestingProofOfConcept\TodoAppDataLayerTesting\bin\Release\net7.0\TodoAppDataLayerTesting.dll" adapterTypeName="executor://xunit/VsTestRunner2/netcoreapp" className="TodoAppDataLayerTesting.TodoItemsControllerIntegrationTests" name="PutTodoItem_Should_Update_Existing_TodoItem" />
    </UnitTest>
    <UnitTest name="TodoAppDataLayerTesting.TodoItemsControllerIntegrationTests.GetTodoItemWithId_ReturnsSuccessStatusCode" storage="c:\users\shohzod_irgas\source\repos\unitandintegrationtestingproofofconcept\todoappdatalayertesting\bin\release\net7.0\todoappdatalayertesting.dll" id="58726fe9-8262-dd0c-6b50-1ab20898a208">
      <Execution id="556635d9-9522-4098-9a3f-f98651a13f73" />
      <TestMethod codeBase="C:\Users\shohzod_irgas\source\repos\UnitAndIntegrationTestingProofOfConcept\TodoAppDataLayerTesting\bin\Release\net7.0\TodoAppDataLayerTesting.dll" adapterTypeName="executor://xunit/VsTestRunner2/netcoreapp" className="TodoAppDataLayerTesting.TodoItemsControllerIntegrationTests" name="GetTodoItemWithId_ReturnsSuccessStatusCode" />
    </UnitTest>
    <UnitTest name="TodoAppDataLayerTesting.MockTodoItemRepositoryTests.Update_Should_Update_TodoItem_In_Database" storage="c:\users\shohzod_irgas\source\repos\unitandintegrationtestingproofofconcept\todoappdatalayertesting\bin\release\net7.0\todoappdatalayertesting.dll" id="d8bc9ba6-837e-bb8a-6658-7059b41a8ef5">
      <Execution id="e83095b5-ee24-45bd-873a-7476a1717233" />
      <TestMethod codeBase="C:\Users\shohzod_irgas\source\repos\UnitAndIntegrationTestingProofOfConcept\TodoAppDataLayerTesting\bin\Release\net7.0\TodoAppDataLayerTesting.dll" adapterTypeName="executor://xunit/VsTestRunner2/netcoreapp" className="TodoAppDataLayerTesting.MockTodoItemRepositoryTests" name="Update_Should_Update_TodoItem_In_Database" />
    </UnitTest>
    <UnitTest name="TodoAppDataLayerTesting.TodoItemsControllerIntegrationTests.PostTodoItemAsync_ShouldCreateNewTodoItem" storage="c:\users\shohzod_irgas\source\repos\unitandintegrationtestingproofofconcept\todoappdatalayertesting\bin\release\net7.0\todoappdatalayertesting.dll" id="230df2dc-e7f0-7e2c-8b4a-6281c1172075">
      <Execution id="7dd733fa-efe2-49a6-9306-a5d58fc0f2fb" />
      <TestMethod codeBase="C:\Users\shohzod_irgas\source\repos\UnitAndIntegrationTestingProofOfConcept\TodoAppDataLayerTesting\bin\Release\net7.0\TodoAppDataLayerTesting.dll" adapterTypeName="executor://xunit/VsTestRunner2/netcoreapp" className="TodoAppDataLayerTesting.TodoItemsControllerIntegrationTests" name="PostTodoItemAsync_ShouldCreateNewTodoItem" />
    </UnitTest>
    <UnitTest name="TodoAppDataLayerTesting.MockTodoItemRepositoryTests.DeleteAsync_Should_Delete_TodoItem_From_Database" storage="c:\users\shohzod_irgas\source\repos\unitandintegrationtestingproofofconcept\todoappdatalayertesting\bin\release\net7.0\todoappdatalayertesting.dll" id="dff41e78-5fb6-8317-25d3-45eb7025cd59">
      <Execution id="7860a3cc-b4cc-4042-b863-6bd32913e856" />
      <TestMethod codeBase="C:\Users\shohzod_irgas\source\repos\UnitAndIntegrationTestingProofOfConcept\TodoAppDataLayerTesting\bin\Release\net7.0\TodoAppDataLayerTesting.dll" adapterTypeName="executor://xunit/VsTestRunner2/netcoreapp" className="TodoAppDataLayerTesting.MockTodoItemRepositoryTests" name="DeleteAsync_Should_Delete_TodoItem_From_Database" />
    </UnitTest>
    <UnitTest name="TodoAppDataLayerTesting.TodoItemsControllerIntegrationTests.GetTodoItemWithId_ReturnsNotFoundStatusCode" storage="c:\users\shohzod_irgas\source\repos\unitandintegrationtestingproofofconcept\todoappdatalayertesting\bin\release\net7.0\todoappdatalayertesting.dll" id="2f7f3983-095a-7442-0ef5-ced2476ced07">
      <Execution id="b5558a98-00b2-4743-ae93-ff32046b96fd" />
      <TestMethod codeBase="C:\Users\shohzod_irgas\source\repos\UnitAndIntegrationTestingProofOfConcept\TodoAppDataLayerTesting\bin\Release\net7.0\TodoAppDataLayerTesting.dll" adapterTypeName="executor://xunit/VsTestRunner2/netcoreapp" className="TodoAppDataLayerTesting.TodoItemsControllerIntegrationTests" name="GetTodoItemWithId_ReturnsNotFoundStatusCode" />
    </UnitTest>
  </TestDefinitions>
  <TestEntries>
    <TestEntry testId="230df2dc-e7f0-7e2c-8b4a-6281c1172075" executionId="7dd733fa-efe2-49a6-9306-a5d58fc0f2fb" testListId="8c84fa94-04c1-424b-9868-57a2d4851a1d" />
    <TestEntry testId="def543c7-ae6c-fd9e-5494-bc9c7c810c10" executionId="586c74a5-29f0-4510-b9ad-56296b661539" testListId="8c84fa94-04c1-424b-9868-57a2d4851a1d" />
    <TestEntry testId="ce6cd78c-e010-bb06-b382-9e35e3a2933f" executionId="6e72f177-7a5d-4759-91d7-8b3ae93fe0fc" testListId="8c84fa94-04c1-424b-9868-57a2d4851a1d" />
    <TestEntry testId="b48de043-cca4-d418-ff77-69ea384d599d" executionId="a67cf63e-fcd5-4f55-9abe-2c1f3dd1c2b5" testListId="8c84fa94-04c1-424b-9868-57a2d4851a1d" />
    <TestEntry testId="58726fe9-8262-dd0c-6b50-1ab20898a208" executionId="556635d9-9522-4098-9a3f-f98651a13f73" testListId="8c84fa94-04c1-424b-9868-57a2d4851a1d" />
    <TestEntry testId="d8bc9ba6-837e-bb8a-6658-7059b41a8ef5" executionId="e83095b5-ee24-45bd-873a-7476a1717233" testListId="8c84fa94-04c1-424b-9868-57a2d4851a1d" />
    <TestEntry testId="2f7f3983-095a-7442-0ef5-ced2476ced07" executionId="b5558a98-00b2-4743-ae93-ff32046b96fd" testListId="8c84fa94-04c1-424b-9868-57a2d4851a1d" />
    <TestEntry testId="818dd2be-1d87-f5c0-0c8e-613e3780fa40" executionId="2b36101e-2943-4382-b027-e231f3d8c582" testListId="8c84fa94-04c1-424b-9868-57a2d4851a1d" />
    <TestEntry testId="dff41e78-5fb6-8317-25d3-45eb7025cd59" executionId="7860a3cc-b4cc-4042-b863-6bd32913e856" testListId="8c84fa94-04c1-424b-9868-57a2d4851a1d" />
    <TestEntry testId="d6c92f67-b59e-bfd7-3c05-73b9ea2cc223" executionId="3f0a0b51-d6b8-4e5e-8fc1-28f00fccc3bc" testListId="8c84fa94-04c1-424b-9868-57a2d4851a1d" />
  </TestEntries>
  <TestLists>
    <TestList name="Results Not in a List" id="8c84fa94-04c1-424b-9868-57a2d4851a1d" />
    <TestList name="All Loaded Results" id="19431567-8539-422a-85d7-44ee4e166bda" />
  </TestLists>
  <ResultSummary outcome="Completed">
    <Counters total="10" executed="10" passed="10" failed="0" error="0" timeout="0" aborted="0" inconclusive="0" passedButRunAborted="0" notRunnable="0" notExecuted="0" disconnected="0" warning="0" completed="0" inProgress="0" pending="0" />
    <Output>
      <StdOut>[xUnit.net 00:00:00.00] xUnit.net VSTest Adapter v2.4.5+1caef2f33e (64-bit .NET 7.0.20)&#xD;
[xUnit.net 00:00:01.96]   Discovering: TodoAppDataLayerTesting&#xD;
[xUnit.net 00:00:01.98]   Discovered:  TodoAppDataLayerTesting&#xD;
[xUnit.net 00:00:01.98]   Starting:    TodoAppDataLayerTesting&#xD;
info: Microsoft.EntityFrameworkCore.Database.Command[20101]&#xD;
      Executed DbCommand (7ms) [Parameters=[], CommandType='Text', CommandTimeout='30']&#xD;
      SELECT COUNT(*) FROM "sqlite_master" WHERE "type" = 'table' AND "rootpage" IS NOT NULL;&#xD;
info: Microsoft.EntityFrameworkCore.Database.Command[20101]&#xD;
      Executed DbCommand (1ms) [Parameters=[], CommandType='Text', CommandTimeout='30']&#xD;
      CREATE TABLE "TodoItems" (&#xD;
          "Id" INTEGER NOT NULL CONSTRAINT "PK_TodoItems" PRIMARY KEY AUTOINCREMENT,&#xD;
          "Name" TEXT NOT NULL,&#xD;
          "IsComplete" INTEGER NOT NULL&#xD;
      );&#xD;
info: Microsoft.EntityFrameworkCore.Database.Command[20101]&#xD;
      Executed DbCommand (0ms) [Parameters=[], CommandType='Text', CommandTimeout='30']&#xD;
      SELECT EXISTS (&#xD;
          SELECT 1&#xD;
          FROM "TodoItems" AS "t")&#xD;
info: Microsoft.EntityFrameworkCore.Database.Command[20101]&#xD;
      Executed DbCommand (1ms) [Parameters=[@p0='?' (DbType = Boolean), @p1='?' (Size = 8)], CommandType='Text', CommandTimeout='30']&#xD;
      INSERT INTO "TodoItems" ("IsComplete", "Name")&#xD;
      VALUES (@p0, @p1)&#xD;
      RETURNING "Id";&#xD;
info: Microsoft.EntityFrameworkCore.Database.Command[20101]&#xD;
      Executed DbCommand (0ms) [Parameters=[@p0='?' (DbType = Boolean), @p1='?' (Size = 18)], CommandType='Text', CommandTimeout='30']&#xD;
      INSERT INTO "TodoItems" ("IsComplete", "Name")&#xD;
      VALUES (@p0, @p1)&#xD;
      RETURNING "Id";&#xD;
info: Microsoft.EntityFrameworkCore.Database.Command[20101]&#xD;
      Executed DbCommand (0ms) [Parameters=[@p0='?' (DbType = Boolean), @p1='?' (Size = 21)], CommandType='Text', CommandTimeout='30']&#xD;
      INSERT INTO "TodoItems" ("IsComplete", "Name")&#xD;
      VALUES (@p0, @p1)&#xD;
      RETURNING "Id";&#xD;
info: Microsoft.EntityFrameworkCore.Database.Command[20101]&#xD;
      Executed DbCommand (0ms) [Parameters=[@p0='?' (DbType = Boolean), @p1='?' (Size = 9)], CommandType='Text', CommandTimeout='30']&#xD;
      INSERT INTO "TodoItems" ("IsComplete", "Name")&#xD;
      VALUES (@p0, @p1)&#xD;
      RETURNING "Id";&#xD;
warn: Microsoft.AspNetCore.HttpsPolicy.HttpsRedirectionMiddleware[3]&#xD;
      Failed to determine the https port for redirect.&#xD;
info: Microsoft.EntityFrameworkCore.Database.Command[20101]&#xD;
      Executed DbCommand (0ms) [Parameters=[@__p_0='?' (DbType = Int32)], CommandType='Text', CommandTimeout='30']&#xD;
      SELECT "t"."Id", "t"."IsComplete", "t"."Name"&#xD;
      FROM "TodoItems" AS "t"&#xD;
      WHERE "t"."Id" = @__p_0&#xD;
      LIMIT 1&#xD;
info: Microsoft.EntityFrameworkCore.Database.Command[20101]&#xD;
      Executed DbCommand (0ms) [Parameters=[], CommandType='Text', CommandTimeout='30']&#xD;
      SELECT "t"."Id", "t"."IsComplete", "t"."Name"&#xD;
      FROM "TodoItems" AS "t"&#xD;
info: Microsoft.EntityFrameworkCore.Database.Command[20101]&#xD;
      Executed DbCommand (0ms) [Parameters=[@p0='?' (DbType = Int32)], CommandType='Text', CommandTimeout='30']&#xD;
      DELETE FROM "TodoItems"&#xD;
      WHERE "Id" = @p0&#xD;
      RETURNING 1;&#xD;
info: Microsoft.EntityFrameworkCore.Database.Command[20101]&#xD;
      Executed DbCommand (0ms) [Parameters=[@p0='?' (DbType = Int32)], CommandType='Text', CommandTimeout='30']&#xD;
      DELETE FROM "TodoItems"&#xD;
      WHERE "Id" = @p0&#xD;
      RETURNING 1;&#xD;
info: Microsoft.EntityFrameworkCore.Database.Command[20101]&#xD;
      Executed DbCommand (0ms) [Parameters=[@p0='?' (DbType = Int32)], CommandType='Text', CommandTimeout='30']&#xD;
      DELETE FROM "TodoItems"&#xD;
      WHERE "Id" = @p0&#xD;
      RETURNING 1;&#xD;
info: Microsoft.EntityFrameworkCore.Database.Command[20101]&#xD;
      Executed DbCommand (0ms) [Parameters=[@p0='?' (DbType = Int32)], CommandType='Text', CommandTimeout='30']&#xD;
      DELETE FROM "TodoItems"&#xD;
      WHERE "Id" = @p0&#xD;
      RETURNING 1;&#xD;
info: Microsoft.EntityFrameworkCore.Database.Command[20101]&#xD;
      Executed DbCommand (0ms) [Parameters=[@p0='?' (DbType = Boolean), @p1='?' (Size = 11)], CommandType='Text', CommandTimeout='30']&#xD;
      INSERT INTO "TodoItems" ("IsComplete", "Name")&#xD;
      VALUES (@p0, @p1)&#xD;
      RETURNING "Id";&#xD;
info: Microsoft.EntityFrameworkCore.Database.Command[20101]&#xD;
      Executed DbCommand (0ms) [Parameters=[@p0='?' (DbType = Boolean), @p1='?' (Size = 11)], CommandType='Text', CommandTimeout='30']&#xD;
      INSERT INTO "TodoItems" ("IsComplete", "Name")&#xD;
      VALUES (@p0, @p1)&#xD;
      RETURNING "Id";&#xD;
info: Microsoft.EntityFrameworkCore.Database.Command[20101]&#xD;
      Executed DbCommand (0ms) [Parameters=[], CommandType='Text', CommandTimeout='30']&#xD;
      SELECT "t"."Id", "t"."IsComplete", "t"."Name"&#xD;
      FROM "TodoItems" AS "t"&#xD;
info: Microsoft.EntityFrameworkCore.Database.Command[20101]&#xD;
      Executed DbCommand (0ms) [Parameters=[@p0='?' (DbType = Boolean), @p1='?' (Size = 14)], CommandType='Text', CommandTimeout='30']&#xD;
      INSERT INTO "TodoItems" ("IsComplete", "Name")&#xD;
      VALUES (@p0, @p1)&#xD;
      RETURNING "Id";&#xD;
info: Microsoft.EntityFrameworkCore.Database.Command[20101]&#xD;
      Executed DbCommand (0ms) [Parameters=[@__p_0='?' (DbType = Int32)], CommandType='Text', CommandTimeout='30']&#xD;
      SELECT "t"."Id", "t"."IsComplete", "t"."Name"&#xD;
      FROM "TodoItems" AS "t"&#xD;
      WHERE "t"."Id" = @__p_0&#xD;
      LIMIT 1&#xD;
info: Microsoft.EntityFrameworkCore.Database.Command[20101]&#xD;
      Executed DbCommand (0ms) [Parameters=[@p0='?' (DbType = Int32)], CommandType='Text', CommandTimeout='30']&#xD;
      DELETE FROM "TodoItems"&#xD;
      WHERE "Id" = @p0&#xD;
      RETURNING 1;&#xD;
info: Microsoft.EntityFrameworkCore.Database.Command[20101]&#xD;
      Executed DbCommand (0ms) [Parameters=[@__p_0='?' (DbType = Int32)], CommandType='Text', CommandTimeout='30']&#xD;
      SELECT "t"."Id", "t"."IsComplete", "t"."Name"&#xD;
      FROM "TodoItems" AS "t"&#xD;
      WHERE "t"."Id" = @__p_0&#xD;
      LIMIT 1&#xD;
info: Microsoft.EntityFrameworkCore.Database.Command[20101]&#xD;
      Executed DbCommand (0ms) [Parameters=[@__p_0='?' (DbType = Int32)], CommandType='Text', CommandTimeout='30']&#xD;
      SELECT "t"."Id", "t"."IsComplete", "t"."Name"&#xD;
      FROM "TodoItems" AS "t"&#xD;
      WHERE "t"."Id" = @__p_0&#xD;
      LIMIT 1&#xD;
info: Microsoft.EntityFrameworkCore.Database.Command[20101]&#xD;
      Executed DbCommand (0ms) [Parameters=[@p0='?' (DbType = Boolean), @p1='?' (Size = 14)], CommandType='Text', CommandTimeout='30']&#xD;
      INSERT INTO "TodoItems" ("IsComplete", "Name")&#xD;
      VALUES (@p0, @p1)&#xD;
      RETURNING "Id";&#xD;
info: Microsoft.EntityFrameworkCore.Database.Command[20101]&#xD;
      Executed DbCommand (0ms) [Parameters=[@__id_0='?' (DbType = Int32)], CommandType='Text', CommandTimeout='30']&#xD;
      SELECT EXISTS (&#xD;
          SELECT 1&#xD;
          FROM "TodoItems" AS "t"&#xD;
          WHERE "t"."Id" = @__id_0)&#xD;
info: Microsoft.EntityFrameworkCore.Database.Command[20101]&#xD;
      Executed DbCommand (0ms) [Parameters=[@p2='?' (DbType = Int32), @p0='?' (DbType = Boolean), @p1='?' (Size = 17)], CommandType='Text', CommandTimeout='30']&#xD;
      UPDATE "TodoItems" SET "IsComplete" = @p0, "Name" = @p1&#xD;
      WHERE "Id" = @p2&#xD;
      RETURNING 1;&#xD;
info: Microsoft.EntityFrameworkCore.Database.Command[20101]&#xD;
      Executed DbCommand (0ms) [Parameters=[@__p_0='?' (DbType = Int32)], CommandType='Text', CommandTimeout='30']&#xD;
      SELECT "t"."Id", "t"."IsComplete", "t"."Name"&#xD;
      FROM "TodoItems" AS "t"&#xD;
      WHERE "t"."Id" = @__p_0&#xD;
      LIMIT 1&#xD;
info: Microsoft.EntityFrameworkCore.Database.Command[20101]&#xD;
      Executed DbCommand (0ms) [Parameters=[@p0='?' (DbType = Boolean), @p1='?' (Size = 13)], CommandType='Text', CommandTimeout='30']&#xD;
      INSERT INTO "TodoItems" ("IsComplete", "Name")&#xD;
      VALUES (@p0, @p1)&#xD;
      RETURNING "Id";&#xD;
[xUnit.net 00:00:03.09]   Finished:    TodoAppDataLayerTesting&#xD;
</StdOut>
    </Output>
    <CollectorDataEntries>
      <Collector agentName="EPTRIZMW004D" uri="datacollector://microsoft/CoverletCodeCoverage/1.0" collectorDisplayName="XPlat code coverage">
        <UriAttachments>
          <UriAttachment>
            <A href="EPTRIZMW004D\coverage.cobertura[1].xml"></A>
          </UriAttachment>
        </UriAttachments>
      </Collector>
    </CollectorDataEntries>
  </ResultSummary>
</TestRun>